0 info it worked if it ends with ok
1 verbose cli [
1 verbose cli   '/home/rebrec/.nvm/versions/node/v12.13.0/bin/node',
1 verbose cli   '/home/rebrec/.nvm/versions/node/v12.13.0/bin/npm',
1 verbose cli   'access',
1 verbose cli   'ls-collaborators',
1 verbose cli   'hurry-hello-world-plugin'
1 verbose cli ]
2 info using npm@6.12.1
3 info using node@v12.13.0
4 verbose config Skipping project config: /home/rebrec/projets/dev/js/hurry/plugins-src/hurry-hello-world-plugin/.npmrc. (matches userconfig)
5 verbose npm-session fd039af48084bc4f
6 http fetch GET 404 https://registry.yarnpkg.com/-/package/hurry-hello-world-plugin/collaborators?format=cli 339ms
7 verbose stack Error: 404 Not Found - GET https://registry.yarnpkg.com/-/package/hurry-hello-world-plugin/collaborators?format=cli - Package not found
7 verbose stack     at /home/rebrec/.nvm/versions/node/v12.13.0/lib/node_modules/npm/node_modules/npm-registry-fetch/check-response.js:104:15
7 verbose stack     at processTicksAndRejections (internal/process/task_queues.js:93:5)
8 verbose statusCode 404
9 verbose cwd /home/rebrec/projets/dev/js/hurry/plugins-src/hurry-hello-world-plugin
10 verbose Linux 5.0.0-32-generic
11 verbose argv "/home/rebrec/.nvm/versions/node/v12.13.0/bin/node" "/home/rebrec/.nvm/versions/node/v12.13.0/bin/npm" "access" "ls-collaborators" "hurry-hello-world-plugin"
12 verbose node v12.13.0
13 verbose npm  v6.12.1
14 error code E404
15 error 404 Not Found - GET https://registry.yarnpkg.com/-/package/hurry-hello-world-plugin/collaborators?format=cli - Package not found
16 verbose exit [ 1, true ]
